Using launch settings from SportCenter.Api\Properties\launchSettings.json...
Building...
C:\Users\Soren\Desktop\RyHal\RyHal\SportCenter.Api\DTOs\CreateQualificationDto.cs(5,23): warning CS8618: Non-nullable property 'Name' must contain a non-null value when exiting constructor. Consider adding the 'required' modifier or declaring the property as nullable. [C:\Users\Soren\Desktop\RyHal\RyHal\SportCenter.Api\SportCenter.Api.csproj]
C:\Users\Soren\Desktop\RyHal\RyHal\SportCenter.Api\DTOs\CreateQualificationDto.cs(6,23): warning CS8618: Non-nullable property 'Description' must contain a non-null value when exiting constructor. Consider adding the 'required' modifier or declaring the property as nullable. [C:\Users\Soren\Desktop\RyHal\RyHal\SportCenter.Api\SportCenter.Api.csproj]
C:\Users\Soren\Desktop\RyHal\RyHal\SportCenter.Api\DTOs\CreateEmployeeDto.cs(5,23): warning CS8618: Non-nullable property 'FirstName' must contain a non-null value when exiting constructor. Consider adding the 'required' modifier or declaring the property as nullable. [C:\Users\Soren\Desktop\RyHal\RyHal\SportCenter.Api\SportCenter.Api.csproj]
C:\Users\Soren\Desktop\RyHal\RyHal\SportCenter.Api\DTOs\CreateEmployeeDto.cs(6,23): warning CS8618: Non-nullable property 'LastName' must contain a non-null value when exiting constructor. Consider adding the 'required' modifier or declaring the property as nullable. [C:\Users\Soren\Desktop\RyHal\RyHal\SportCenter.Api\SportCenter.Api.csproj]
C:\Users\Soren\Desktop\RyHal\RyHal\SportCenter.Api\DTOs\CreateEmployeeDto.cs(7,23): warning CS8618: Non-nullable property 'Email' must contain a non-null value when exiting constructor. Consider adding the 'required' modifier or declaring the property as nullable. [C:\Users\Soren\Desktop\RyHal\RyHal\SportCenter.Api\SportCenter.Api.csproj]
C:\Users\Soren\Desktop\RyHal\RyHal\SportCenter.Api\DTOs\CreateEmployeeDto.cs(8,23): warning CS8618: Non-nullable property 'Phone' must contain a non-null value when exiting constructor. Consider adding the 'required' modifier or declaring the property as nullable. [C:\Users\Soren\Desktop\RyHal\RyHal\SportCenter.Api\SportCenter.Api.csproj]
C:\Users\Soren\Desktop\RyHal\RyHal\SportCenter.Api\DTOs\CreateRoleDto.cs(5,23): warning CS8618: Non-nullable property 'Name' must contain a non-null value when exiting constructor. Consider adding the 'required' modifier or declaring the property as nullable. [C:\Users\Soren\Desktop\RyHal\RyHal\SportCenter.Api\SportCenter.Api.csproj]
C:\Users\Soren\Desktop\RyHal\RyHal\SportCenter.Api\DTOs\ShiftCategoryDto.cs(6,19): warning CS8618: Non-nullable property 'Name' must contain a non-null value when exiting constructor. Consider adding the 'required' modifier or declaring the property as nullable. [C:\Users\Soren\Desktop\RyHal\RyHal\SportCenter.Api\SportCenter.Api.csproj]
C:\Users\Soren\Desktop\RyHal\RyHal\SportCenter.Api\DTOs\ShiftCategoryDto.cs(7,19): warning CS8618: Non-nullable property 'Color' must contain a non-null value when exiting constructor. Consider adding the 'required' modifier or declaring the property as nullable. [C:\Users\Soren\Desktop\RyHal\RyHal\SportCenter.Api\SportCenter.Api.csproj]
C:\Users\Soren\Desktop\RyHal\RyHal\SportCenter.Api\DTOs\QualificationDto.cs(6,23): warning CS8618: Non-nullable property 'Name' must contain a non-null value when exiting constructor. Consider adding the 'required' modifier or declaring the property as nullable. [C:\Users\Soren\Desktop\RyHal\RyHal\SportCenter.Api\SportCenter.Api.csproj]
C:\Users\Soren\Desktop\RyHal\RyHal\SportCenter.Api\DTOs\QualificationDto.cs(7,23): warning CS8618: Non-nullable property 'Description' must contain a non-null value when exiting constructor. Consider adding the 'required' modifier or declaring the property as nullable. [C:\Users\Soren\Desktop\RyHal\RyHal\SportCenter.Api\SportCenter.Api.csproj]
C:\Users\Soren\Desktop\RyHal\RyHal\SportCenter.Api\Models\ShiftCategory.cs(13,19): warning CS8618: Non-nullable property 'Name' must contain a non-null value when exiting constructor. Consider adding the 'required' modifier or declaring the property as nullable. [C:\Users\Soren\Desktop\RyHal\RyHal\SportCenter.Api\SportCenter.Api.csproj]
C:\Users\Soren\Desktop\RyHal\RyHal\SportCenter.Api\Models\ShiftCategory.cs(16,19): warning CS8618: Non-nullable property 'Color' must contain a non-null value when exiting constructor. Consider adding the 'required' modifier or declaring the property as nullable. [C:\Users\Soren\Desktop\RyHal\RyHal\SportCenter.Api\SportCenter.Api.csproj]
C:\Users\Soren\Desktop\RyHal\RyHal\SportCenter.Api\Services\SupabaseEmployeeRepository.cs(55,48): warning CS8603: Possible null reference return. [C:\Users\Soren\Desktop\RyHal\RyHal\SportCenter.Api\SportCenter.Api.csproj]
C:\Users\Soren\Desktop\RyHal\RyHal\SportCenter.Api\Services\SupabaseEmployeeRepository.cs(60,48): warning CS8603: Possible null reference return. [C:\Users\Soren\Desktop\RyHal\RyHal\SportCenter.Api\SportCenter.Api.csproj]
C:\Users\Soren\Desktop\RyHal\RyHal\SportCenter.Api\Services\EventService.cs(81,13): warning CS8602: Dereference of a possibly null reference. [C:\Users\Soren\Desktop\RyHal\RyHal\SportCenter.Api\SportCenter.Api.csproj]
C:\Users\Soren\Desktop\RyHal\RyHal\SportCenter.Api\Services\EventService.cs(121,13): warning CS8602: Dereference of a possibly null reference. [C:\Users\Soren\Desktop\RyHal\RyHal\SportCenter.Api\SportCenter.Api.csproj]
C:\Users\Soren\Desktop\RyHal\RyHal\SportCenter.Api\Services\ShiftService.cs(99,27): warning CS8603: Possible null reference return. [C:\Users\Soren\Desktop\RyHal\RyHal\SportCenter.Api\SportCenter.Api.csproj]
C:\Users\Soren\Desktop\RyHal\RyHal\SportCenter.Api\Services\EventService.cs(202,59): warning CS8602: Dereference of a possibly null reference. [C:\Users\Soren\Desktop\RyHal\RyHal\SportCenter.Api\SportCenter.Api.csproj]
C:\Users\Soren\Desktop\RyHal\RyHal\SportCenter.Api\Services\SupabaseEmployeeRepository.cs(243,23): warning CS8603: Possible null reference return. [C:\Users\Soren\Desktop\RyHal\RyHal\SportCenter.Api\SportCenter.Api.csproj]
C:\Users\Soren\Desktop\RyHal\RyHal\SportCenter.Api\Services\EventService.cs(208,67): warning CS8602: Dereference of a possibly null reference. [C:\Users\Soren\Desktop\RyHal\RyHal\SportCenter.Api\SportCenter.Api.csproj]
C:\Users\Soren\Desktop\RyHal\RyHal\SportCenter.Api\Services\EventService.cs(217,35): warning CS8602: Dereference of a possibly null reference. [C:\Users\Soren\Desktop\RyHal\RyHal\SportCenter.Api\SportCenter.Api.csproj]
info: Microsoft.Hosting.Lifetime[14]
      Now listening on: http://localhost:5172
info: Microsoft.Hosting.Lifetime[0]
      Application started. Press Ctrl+C to shut down.
info: Microsoft.Hosting.Lifetime[0]
      Hosting environment: Development
info: Microsoft.Hosting.Lifetime[0]
      Content root path: C:\Users\Soren\Desktop\RyHal\RyHal\SportCenter.Api
